<?xml version="1.0" encoding="UTF-8"?>
<!-- Generated by org.testng.reporters.JUnitReportReporter -->
<testsuite hostname="LAPTOP-6RVA4J5B" failures="0" tests="3" name="testNG.LambdaTest" time="36.389" errors="0" timestamp="2020-04-28T15:54:10 IST" skipped="0">
  <testcase classname="testNG.LambdaTest" name="testSimple" time="12.398"/>
  <system-out/>
  <testcase classname="testNG.LambdaTest" name="testSimple" time="12.117"/>
  <system-out/>
  <testcase classname="testNG.LambdaTest" name="testSimple" time="11.874"/>
  <system-out/>
</testsuite> <!-- testNG.LambdaTest -->
